-------------------------------------------------------------------------------
Test set: ar.edu.unlp.info.bd2.services.HibernateBithubTestCase
-------------------------------------------------------------------------------
Tests run: 6, Failures: 0, Errors: 6, Skipped: 0, Time elapsed: 29.265 sec <<< FAILURE! - in ar.edu.unlp.info.bd2.services.HibernateBithubTestCase
testCreateReview  Time elapsed: 0.031 sec  <<< ERROR!
java.lang.IllegalStateException: Failed to load ApplicationContext
Caused by: org.springframework.beans.factory.BeanCreationException: Error creating bean with name 'hibernateService' defined in ar.edu.unlp.info.bd2.config.HibernateConfiguration: Bean instantiation via factory method failed; nested exception is org.springframework.beans.BeanInstantiationException: Failed to instantiate [ar.edu.unlp.info.bd2.services.BithubService]: Factory method 'hibernateService' threw exception; nested exception is java.lang.IllegalStateException: @Bean method HibernateConfiguration.createRepository called as bean reference for type [ar.edu.unlp.info.bd2.repositories.HibernateBithubRepository] but overridden by non-compatible bean instance of type [com.sun.proxy.$Proxy46]. Overriding bean of same name declared in: ar.edu.unlp.info.bd2.config.HibernateConfiguration
Caused by: org.springframework.beans.BeanInstantiationException: Failed to instantiate [ar.edu.unlp.info.bd2.services.BithubService]: Factory method 'hibernateService' threw exception; nested exception is java.lang.IllegalStateException: @Bean method HibernateConfiguration.createRepository called as bean reference for type [ar.edu.unlp.info.bd2.repositories.HibernateBithubRepository] but overridden by non-compatible bean instance of type [com.sun.proxy.$Proxy46]. Overriding bean of same name declared in: ar.edu.unlp.info.bd2.config.HibernateConfiguration
Caused by: java.lang.IllegalStateException: @Bean method HibernateConfiguration.createRepository called as bean reference for type [ar.edu.unlp.info.bd2.repositories.HibernateBithubRepository] but overridden by non-compatible bean instance of type [com.sun.proxy.$Proxy46]. Overriding bean of same name declared in: ar.edu.unlp.info.bd2.config.HibernateConfiguration

testCreateBranchAndCommit  Time elapsed: 0.004 sec  <<< ERROR!
java.lang.IllegalStateException: Failed to load ApplicationContext
Caused by: org.springframework.beans.factory.BeanCreationException: Error creating bean with name 'hibernateService' defined in ar.edu.unlp.info.bd2.config.HibernateConfiguration: Bean instantiation via factory method failed; nested exception is org.springframework.beans.BeanInstantiationException: Failed to instantiate [ar.edu.unlp.info.bd2.services.BithubService]: Factory method 'hibernateService' threw exception; nested exception is java.lang.IllegalStateException: @Bean method HibernateConfiguration.createRepository called as bean reference for type [ar.edu.unlp.info.bd2.repositories.HibernateBithubRepository] but overridden by non-compatible bean instance of type [com.sun.proxy.$Proxy46]. Overriding bean of same name declared in: ar.edu.unlp.info.bd2.config.HibernateConfiguration
Caused by: org.springframework.beans.BeanInstantiationException: Failed to instantiate [ar.edu.unlp.info.bd2.services.BithubService]: Factory method 'hibernateService' threw exception; nested exception is java.lang.IllegalStateException: @Bean method HibernateConfiguration.createRepository called as bean reference for type [ar.edu.unlp.info.bd2.repositories.HibernateBithubRepository] but overridden by non-compatible bean instance of type [com.sun.proxy.$Proxy46]. Overriding bean of same name declared in: ar.edu.unlp.info.bd2.config.HibernateConfiguration
Caused by: java.lang.IllegalStateException: @Bean method HibernateConfiguration.createRepository called as bean reference for type [ar.edu.unlp.info.bd2.repositories.HibernateBithubRepository] but overridden by non-compatible bean instance of type [com.sun.proxy.$Proxy46]. Overriding bean of same name declared in: ar.edu.unlp.info.bd2.config.HibernateConfiguration

testGetCommitsFromUser  Time elapsed: 0.005 sec  <<< ERROR!
java.lang.IllegalStateException: Failed to load ApplicationContext
Caused by: org.springframework.beans.factory.BeanCreationException: Error creating bean with name 'hibernateService' defined in ar.edu.unlp.info.bd2.config.HibernateConfiguration: Bean instantiation via factory method failed; nested exception is org.springframework.beans.BeanInstantiationException: Failed to instantiate [ar.edu.unlp.info.bd2.services.BithubService]: Factory method 'hibernateService' threw exception; nested exception is java.lang.IllegalStateException: @Bean method HibernateConfiguration.createRepository called as bean reference for type [ar.edu.unlp.info.bd2.repositories.HibernateBithubRepository] but overridden by non-compatible bean instance of type [com.sun.proxy.$Proxy46]. Overriding bean of same name declared in: ar.edu.unlp.info.bd2.config.HibernateConfiguration
Caused by: org.springframework.beans.BeanInstantiationException: Failed to instantiate [ar.edu.unlp.info.bd2.services.BithubService]: Factory method 'hibernateService' threw exception; nested exception is java.lang.IllegalStateException: @Bean method HibernateConfiguration.createRepository called as bean reference for type [ar.edu.unlp.info.bd2.repositories.HibernateBithubRepository] but overridden by non-compatible bean instance of type [com.sun.proxy.$Proxy46]. Overriding bean of same name declared in: ar.edu.unlp.info.bd2.config.HibernateConfiguration
Caused by: java.lang.IllegalStateException: @Bean method HibernateConfiguration.createRepository called as bean reference for type [ar.edu.unlp.info.bd2.repositories.HibernateBithubRepository] but overridden by non-compatible bean instance of type [com.sun.proxy.$Proxy46]. Overriding bean of same name declared in: ar.edu.unlp.info.bd2.config.HibernateConfiguration

testUsersThatCommitedInBranch  Time elapsed: 0.004 sec  <<< ERROR!
java.lang.IllegalStateException: Failed to load ApplicationContext
Caused by: org.springframework.beans.factory.BeanCreationException: Error creating bean with name 'hibernateService' defined in ar.edu.unlp.info.bd2.config.HibernateConfiguration: Bean instantiation via factory method failed; nested exception is org.springframework.beans.BeanInstantiationException: Failed to instantiate [ar.edu.unlp.info.bd2.services.BithubService]: Factory method 'hibernateService' threw exception; nested exception is java.lang.IllegalStateException: @Bean method HibernateConfiguration.createRepository called as bean reference for type [ar.edu.unlp.info.bd2.repositories.HibernateBithubRepository] but overridden by non-compatible bean instance of type [com.sun.proxy.$Proxy46]. Overriding bean of same name declared in: ar.edu.unlp.info.bd2.config.HibernateConfiguration
Caused by: org.springframework.beans.BeanInstantiationException: Failed to instantiate [ar.edu.unlp.info.bd2.services.BithubService]: Factory method 'hibernateService' threw exception; nested exception is java.lang.IllegalStateException: @Bean method HibernateConfiguration.createRepository called as bean reference for type [ar.edu.unlp.info.bd2.repositories.HibernateBithubRepository] but overridden by non-compatible bean instance of type [com.sun.proxy.$Proxy46]. Overriding bean of same name declared in: ar.edu.unlp.info.bd2.config.HibernateConfiguration
Caused by: java.lang.IllegalStateException: @Bean method HibernateConfiguration.createRepository called as bean reference for type [ar.edu.unlp.info.bd2.repositories.HibernateBithubRepository] but overridden by non-compatible bean instance of type [com.sun.proxy.$Proxy46]. Overriding bean of same name declared in: ar.edu.unlp.info.bd2.config.HibernateConfiguration

testCreateTag  Time elapsed: 0.003 sec  <<< ERROR!
java.lang.IllegalStateException: Failed to load ApplicationContext
Caused by: org.springframework.beans.factory.BeanCreationException: Error creating bean with name 'hibernateService' defined in ar.edu.unlp.info.bd2.config.HibernateConfiguration: Bean instantiation via factory method failed; nested exception is org.springframework.beans.BeanInstantiationException: Failed to instantiate [ar.edu.unlp.info.bd2.services.BithubService]: Factory method 'hibernateService' threw exception; nested exception is java.lang.IllegalStateException: @Bean method HibernateConfiguration.createRepository called as bean reference for type [ar.edu.unlp.info.bd2.repositories.HibernateBithubRepository] but overridden by non-compatible bean instance of type [com.sun.proxy.$Proxy46]. Overriding bean of same name declared in: ar.edu.unlp.info.bd2.config.HibernateConfiguration
Caused by: org.springframework.beans.BeanInstantiationException: Failed to instantiate [ar.edu.unlp.info.bd2.services.BithubService]: Factory method 'hibernateService' threw exception; nested exception is java.lang.IllegalStateException: @Bean method HibernateConfiguration.createRepository called as bean reference for type [ar.edu.unlp.info.bd2.repositories.HibernateBithubRepository] but overridden by non-compatible bean instance of type [com.sun.proxy.$Proxy46]. Overriding bean of same name declared in: ar.edu.unlp.info.bd2.config.HibernateConfiguration
Caused by: java.lang.IllegalStateException: @Bean method HibernateConfiguration.createRepository called as bean reference for type [ar.edu.unlp.info.bd2.repositories.HibernateBithubRepository] but overridden by non-compatible bean instance of type [com.sun.proxy.$Proxy46]. Overriding bean of same name declared in: ar.edu.unlp.info.bd2.config.HibernateConfiguration

testGetTotalNumberOfCommitsPerUser  Time elapsed: 0 sec  <<< ERROR!
java.lang.IllegalStateException: Failed to load ApplicationContext
Caused by: org.springframework.beans.factory.BeanCreationException: Error creating bean with name 'hibernateService' defined in ar.edu.unlp.info.bd2.config.HibernateConfiguration: Bean instantiation via factory method failed; nested exception is org.springframework.beans.BeanInstantiationException: Failed to instantiate [ar.edu.unlp.info.bd2.services.BithubService]: Factory method 'hibernateService' threw exception; nested exception is java.lang.IllegalStateException: @Bean method HibernateConfiguration.createRepository called as bean reference for type [ar.edu.unlp.info.bd2.repositories.HibernateBithubRepository] but overridden by non-compatible bean instance of type [com.sun.proxy.$Proxy46]. Overriding bean of same name declared in: ar.edu.unlp.info.bd2.config.HibernateConfiguration
Caused by: org.springframework.beans.BeanInstantiationException: Failed to instantiate [ar.edu.unlp.info.bd2.services.BithubService]: Factory method 'hibernateService' threw exception; nested exception is java.lang.IllegalStateException: @Bean method HibernateConfiguration.createRepository called as bean reference for type [ar.edu.unlp.info.bd2.repositories.HibernateBithubRepository] but overridden by non-compatible bean instance of type [com.sun.proxy.$Proxy46]. Overriding bean of same name declared in: ar.edu.unlp.info.bd2.config.HibernateConfiguration
Caused by: java.lang.IllegalStateException: @Bean method HibernateConfiguration.createRepository called as bean reference for type [ar.edu.unlp.info.bd2.repositories.HibernateBithubRepository] but overridden by non-compatible bean instance of type [com.sun.proxy.$Proxy46]. Overriding bean of same name declared in: ar.edu.unlp.info.bd2.config.HibernateConfiguration

