-------------------------------------------------------------------------------
Test set: ar.edu.unlp.info.bd2.services.MongoDBBithubServiceTestCase
-------------------------------------------------------------------------------
Tests run: 6, Failures: 0, Errors: 6, Skipped: 0, Time elapsed: 0.218 sec <<< FAILURE! - in ar.edu.unlp.info.bd2.services.MongoDBBithubServiceTestCase
testCreateReview  Time elapsed: 0.002 sec  <<< ERROR!
java.lang.IllegalStateException: Failed to load ApplicationContext
Caused by: org.springframework.beans.factory.BeanCreationException: Error creating bean with name 'mongoDBService' defined in ar.edu.unlp.info.bd2.config.MongoDBConfiguration: Bean instantiation via factory method failed; nested exception is org.springframework.beans.BeanInstantiationException: Failed to instantiate [ar.edu.unlp.info.bd2.services.BithubService]: Factory method 'mongoDBService' threw exception; nested exception is org.springframework.beans.factory.BeanCreationException: Error creating bean with name 'createMongoDBRepository' defined in ar.edu.unlp.info.bd2.config.MongoDBConfiguration: Bean instantiation via factory method failed; nested exception is org.springframework.beans.BeanInstantiationException: Failed to instantiate [ar.edu.unlp.info.bd2.repositories.MongoDBBithubRepository]: Factory method 'createMongoDBRepository' threw exception; nested exception is java.lang.NullPointerException
Caused by: org.springframework.beans.BeanInstantiationException: Failed to instantiate [ar.edu.unlp.info.bd2.services.BithubService]: Factory method 'mongoDBService' threw exception; nested exception is org.springframework.beans.factory.BeanCreationException: Error creating bean with name 'createMongoDBRepository' defined in ar.edu.unlp.info.bd2.config.MongoDBConfiguration: Bean instantiation via factory method failed; nested exception is org.springframework.beans.BeanInstantiationException: Failed to instantiate [ar.edu.unlp.info.bd2.repositories.MongoDBBithubRepository]: Factory method 'createMongoDBRepository' threw exception; nested exception is java.lang.NullPointerException
Caused by: org.springframework.beans.factory.BeanCreationException: Error creating bean with name 'createMongoDBRepository' defined in ar.edu.unlp.info.bd2.config.MongoDBConfiguration: Bean instantiation via factory method failed; nested exception is org.springframework.beans.BeanInstantiationException: Failed to instantiate [ar.edu.unlp.info.bd2.repositories.MongoDBBithubRepository]: Factory method 'createMongoDBRepository' threw exception; nested exception is java.lang.NullPointerException
Caused by: org.springframework.beans.BeanInstantiationException: Failed to instantiate [ar.edu.unlp.info.bd2.repositories.MongoDBBithubRepository]: Factory method 'createMongoDBRepository' threw exception; nested exception is java.lang.NullPointerException
Caused by: java.lang.NullPointerException

testCreateBranchAndCommit  Time elapsed: 0 sec  <<< ERROR!
java.lang.IllegalStateException: Failed to load ApplicationContext
Caused by: org.springframework.beans.factory.BeanCreationException: Error creating bean with name 'mongoDBService' defined in ar.edu.unlp.info.bd2.config.MongoDBConfiguration: Bean instantiation via factory method failed; nested exception is org.springframework.beans.BeanInstantiationException: Failed to instantiate [ar.edu.unlp.info.bd2.services.BithubService]: Factory method 'mongoDBService' threw exception; nested exception is org.springframework.beans.factory.BeanCreationException: Error creating bean with name 'createMongoDBRepository' defined in ar.edu.unlp.info.bd2.config.MongoDBConfiguration: Bean instantiation via factory method failed; nested exception is org.springframework.beans.BeanInstantiationException: Failed to instantiate [ar.edu.unlp.info.bd2.repositories.MongoDBBithubRepository]: Factory method 'createMongoDBRepository' threw exception; nested exception is java.lang.NullPointerException
Caused by: org.springframework.beans.BeanInstantiationException: Failed to instantiate [ar.edu.unlp.info.bd2.services.BithubService]: Factory method 'mongoDBService' threw exception; nested exception is org.springframework.beans.factory.BeanCreationException: Error creating bean with name 'createMongoDBRepository' defined in ar.edu.unlp.info.bd2.config.MongoDBConfiguration: Bean instantiation via factory method failed; nested exception is org.springframework.beans.BeanInstantiationException: Failed to instantiate [ar.edu.unlp.info.bd2.repositories.MongoDBBithubRepository]: Factory method 'createMongoDBRepository' threw exception; nested exception is java.lang.NullPointerException
Caused by: org.springframework.beans.factory.BeanCreationException: Error creating bean with name 'createMongoDBRepository' defined in ar.edu.unlp.info.bd2.config.MongoDBConfiguration: Bean instantiation via factory method failed; nested exception is org.springframework.beans.BeanInstantiationException: Failed to instantiate [ar.edu.unlp.info.bd2.repositories.MongoDBBithubRepository]: Factory method 'createMongoDBRepository' threw exception; nested exception is java.lang.NullPointerException
Caused by: org.springframework.beans.BeanInstantiationException: Failed to instantiate [ar.edu.unlp.info.bd2.repositories.MongoDBBithubRepository]: Factory method 'createMongoDBRepository' threw exception; nested exception is java.lang.NullPointerException
Caused by: java.lang.NullPointerException

testGetCommitsFromUser  Time elapsed: 0.001 sec  <<< ERROR!
java.lang.IllegalStateException: Failed to load ApplicationContext
Caused by: org.springframework.beans.factory.BeanCreationException: Error creating bean with name 'mongoDBService' defined in ar.edu.unlp.info.bd2.config.MongoDBConfiguration: Bean instantiation via factory method failed; nested exception is org.springframework.beans.BeanInstantiationException: Failed to instantiate [ar.edu.unlp.info.bd2.services.BithubService]: Factory method 'mongoDBService' threw exception; nested exception is org.springframework.beans.factory.BeanCreationException: Error creating bean with name 'createMongoDBRepository' defined in ar.edu.unlp.info.bd2.config.MongoDBConfiguration: Bean instantiation via factory method failed; nested exception is org.springframework.beans.BeanInstantiationException: Failed to instantiate [ar.edu.unlp.info.bd2.repositories.MongoDBBithubRepository]: Factory method 'createMongoDBRepository' threw exception; nested exception is java.lang.NullPointerException
Caused by: org.springframework.beans.BeanInstantiationException: Failed to instantiate [ar.edu.unlp.info.bd2.services.BithubService]: Factory method 'mongoDBService' threw exception; nested exception is org.springframework.beans.factory.BeanCreationException: Error creating bean with name 'createMongoDBRepository' defined in ar.edu.unlp.info.bd2.config.MongoDBConfiguration: Bean instantiation via factory method failed; nested exception is org.springframework.beans.BeanInstantiationException: Failed to instantiate [ar.edu.unlp.info.bd2.repositories.MongoDBBithubRepository]: Factory method 'createMongoDBRepository' threw exception; nested exception is java.lang.NullPointerException
Caused by: org.springframework.beans.factory.BeanCreationException: Error creating bean with name 'createMongoDBRepository' defined in ar.edu.unlp.info.bd2.config.MongoDBConfiguration: Bean instantiation via factory method failed; nested exception is org.springframework.beans.BeanInstantiationException: Failed to instantiate [ar.edu.unlp.info.bd2.repositories.MongoDBBithubRepository]: Factory method 'createMongoDBRepository' threw exception; nested exception is java.lang.NullPointerException
Caused by: org.springframework.beans.BeanInstantiationException: Failed to instantiate [ar.edu.unlp.info.bd2.repositories.MongoDBBithubRepository]: Factory method 'createMongoDBRepository' threw exception; nested exception is java.lang.NullPointerException
Caused by: java.lang.NullPointerException

testUsersThatCommitedInBranch  Time elapsed: 0.003 sec  <<< ERROR!
java.lang.IllegalStateException: Failed to load ApplicationContext
Caused by: org.springframework.beans.factory.BeanCreationException: Error creating bean with name 'mongoDBService' defined in ar.edu.unlp.info.bd2.config.MongoDBConfiguration: Bean instantiation via factory method failed; nested exception is org.springframework.beans.BeanInstantiationException: Failed to instantiate [ar.edu.unlp.info.bd2.services.BithubService]: Factory method 'mongoDBService' threw exception; nested exception is org.springframework.beans.factory.BeanCreationException: Error creating bean with name 'createMongoDBRepository' defined in ar.edu.unlp.info.bd2.config.MongoDBConfiguration: Bean instantiation via factory method failed; nested exception is org.springframework.beans.BeanInstantiationException: Failed to instantiate [ar.edu.unlp.info.bd2.repositories.MongoDBBithubRepository]: Factory method 'createMongoDBRepository' threw exception; nested exception is java.lang.NullPointerException
Caused by: org.springframework.beans.BeanInstantiationException: Failed to instantiate [ar.edu.unlp.info.bd2.services.BithubService]: Factory method 'mongoDBService' threw exception; nested exception is org.springframework.beans.factory.BeanCreationException: Error creating bean with name 'createMongoDBRepository' defined in ar.edu.unlp.info.bd2.config.MongoDBConfiguration: Bean instantiation via factory method failed; nested exception is org.springframework.beans.BeanInstantiationException: Failed to instantiate [ar.edu.unlp.info.bd2.repositories.MongoDBBithubRepository]: Factory method 'createMongoDBRepository' threw exception; nested exception is java.lang.NullPointerException
Caused by: org.springframework.beans.factory.BeanCreationException: Error creating bean with name 'createMongoDBRepository' defined in ar.edu.unlp.info.bd2.config.MongoDBConfiguration: Bean instantiation via factory method failed; nested exception is org.springframework.beans.BeanInstantiationException: Failed to instantiate [ar.edu.unlp.info.bd2.repositories.MongoDBBithubRepository]: Factory method 'createMongoDBRepository' threw exception; nested exception is java.lang.NullPointerException
Caused by: org.springframework.beans.BeanInstantiationException: Failed to instantiate [ar.edu.unlp.info.bd2.repositories.MongoDBBithubRepository]: Factory method 'createMongoDBRepository' threw exception; nested exception is java.lang.NullPointerException
Caused by: java.lang.NullPointerException

testCreateTag  Time elapsed: 0.003 sec  <<< ERROR!
java.lang.IllegalStateException: Failed to load ApplicationContext
Caused by: org.springframework.beans.factory.BeanCreationException: Error creating bean with name 'mongoDBService' defined in ar.edu.unlp.info.bd2.config.MongoDBConfiguration: Bean instantiation via factory method failed; nested exception is org.springframework.beans.BeanInstantiationException: Failed to instantiate [ar.edu.unlp.info.bd2.services.BithubService]: Factory method 'mongoDBService' threw exception; nested exception is org.springframework.beans.factory.BeanCreationException: Error creating bean with name 'createMongoDBRepository' defined in ar.edu.unlp.info.bd2.config.MongoDBConfiguration: Bean instantiation via factory method failed; nested exception is org.springframework.beans.BeanInstantiationException: Failed to instantiate [ar.edu.unlp.info.bd2.repositories.MongoDBBithubRepository]: Factory method 'createMongoDBRepository' threw exception; nested exception is java.lang.NullPointerException
Caused by: org.springframework.beans.BeanInstantiationException: Failed to instantiate [ar.edu.unlp.info.bd2.services.BithubService]: Factory method 'mongoDBService' threw exception; nested exception is org.springframework.beans.factory.BeanCreationException: Error creating bean with name 'createMongoDBRepository' defined in ar.edu.unlp.info.bd2.config.MongoDBConfiguration: Bean instantiation via factory method failed; nested exception is org.springframework.beans.BeanInstantiationException: Failed to instantiate [ar.edu.unlp.info.bd2.repositories.MongoDBBithubRepository]: Factory method 'createMongoDBRepository' threw exception; nested exception is java.lang.NullPointerException
Caused by: org.springframework.beans.factory.BeanCreationException: Error creating bean with name 'createMongoDBRepository' defined in ar.edu.unlp.info.bd2.config.MongoDBConfiguration: Bean instantiation via factory method failed; nested exception is org.springframework.beans.BeanInstantiationException: Failed to instantiate [ar.edu.unlp.info.bd2.repositories.MongoDBBithubRepository]: Factory method 'createMongoDBRepository' threw exception; nested exception is java.lang.NullPointerException
Caused by: org.springframework.beans.BeanInstantiationException: Failed to instantiate [ar.edu.unlp.info.bd2.repositories.MongoDBBithubRepository]: Factory method 'createMongoDBRepository' threw exception; nested exception is java.lang.NullPointerException
Caused by: java.lang.NullPointerException

testGetTotalNumberOfCommitsPerUser  Time elapsed: 0.002 sec  <<< ERROR!
java.lang.IllegalStateException: Failed to load ApplicationContext
Caused by: org.springframework.beans.factory.BeanCreationException: Error creating bean with name 'mongoDBService' defined in ar.edu.unlp.info.bd2.config.MongoDBConfiguration: Bean instantiation via factory method failed; nested exception is org.springframework.beans.BeanInstantiationException: Failed to instantiate [ar.edu.unlp.info.bd2.services.BithubService]: Factory method 'mongoDBService' threw exception; nested exception is org.springframework.beans.factory.BeanCreationException: Error creating bean with name 'createMongoDBRepository' defined in ar.edu.unlp.info.bd2.config.MongoDBConfiguration: Bean instantiation via factory method failed; nested exception is org.springframework.beans.BeanInstantiationException: Failed to instantiate [ar.edu.unlp.info.bd2.repositories.MongoDBBithubRepository]: Factory method 'createMongoDBRepository' threw exception; nested exception is java.lang.NullPointerException
Caused by: org.springframework.beans.BeanInstantiationException: Failed to instantiate [ar.edu.unlp.info.bd2.services.BithubService]: Factory method 'mongoDBService' threw exception; nested exception is org.springframework.beans.factory.BeanCreationException: Error creating bean with name 'createMongoDBRepository' defined in ar.edu.unlp.info.bd2.config.MongoDBConfiguration: Bean instantiation via factory method failed; nested exception is org.springframework.beans.BeanInstantiationException: Failed to instantiate [ar.edu.unlp.info.bd2.repositories.MongoDBBithubRepository]: Factory method 'createMongoDBRepository' threw exception; nested exception is java.lang.NullPointerException
Caused by: org.springframework.beans.factory.BeanCreationException: Error creating bean with name 'createMongoDBRepository' defined in ar.edu.unlp.info.bd2.config.MongoDBConfiguration: Bean instantiation via factory method failed; nested exception is org.springframework.beans.BeanInstantiationException: Failed to instantiate [ar.edu.unlp.info.bd2.repositories.MongoDBBithubRepository]: Factory method 'createMongoDBRepository' threw exception; nested exception is java.lang.NullPointerException
Caused by: org.springframework.beans.BeanInstantiationException: Failed to instantiate [ar.edu.unlp.info.bd2.repositories.MongoDBBithubRepository]: Factory method 'createMongoDBRepository' threw exception; nested exception is java.lang.NullPointerException
Caused by: java.lang.NullPointerException

