<?xml version="1.0" encoding="UTF-8"?>
<testsuite xmlns:xsi="http://www.w3.org/2001/XMLSchema-instance" xsi:schemaLocation="https://maven.apache.org/surefire/maven-surefire-plugin/xsd/surefire-test-report.xsd" name="ar.edu.unlp.info.bd2.services.HibernateBithubTestCase" time="29.265" tests="6" errors="6" skipped="0" failures="0">
  <properties>
[...]
</properties>
  <testcase name="testCreateReview" classname="ar.edu.unlp.info.bd2.services.HibernateBithubTestCase" time="0.031">
    <error message="Failed to load ApplicationContext" type="java.lang.IllegalStateException">java.lang.IllegalStateException: Failed to load ApplicationContext
Caused by: org.springframework.beans.factory.BeanCreationException: Error creating bean with name 'hibernateService' defined in ar.edu.unlp.info.bd2.config.HibernateConfiguration: Bean instantiation via factory method failed; nested exception is org.springframework.beans.BeanInstantiationException: Failed to instantiate [ar.edu.unlp.info.bd2.services.BithubService]: Factory method 'hibernateService' threw exception; nested exception is java.lang.IllegalStateException: @Bean method HibernateConfiguration.createRepository called as bean reference for type [ar.edu.unlp.info.bd2.repositories.HibernateBithubRepository] but overridden by non-compatible bean instance of type [com.sun.proxy.$Proxy46]. Overriding bean of same name declared in: ar.edu.unlp.info.bd2.config.HibernateConfiguration
Caused by: org.springframework.beans.BeanInstantiationException: Failed to instantiate [ar.edu.unlp.info.bd2.services.BithubService]: Factory method 'hibernateService' threw exception; nested exception is java.lang.IllegalStateException: @Bean method HibernateConfiguration.createRepository called as bean reference for type [ar.edu.unlp.info.bd2.repositories.HibernateBithubRepository] but overridden by non-compatible bean instance of type [com.sun.proxy.$Proxy46]. Overriding bean of same name declared in: ar.edu.unlp.info.bd2.config.HibernateConfiguration
Caused by: java.lang.IllegalStateException: @Bean method HibernateConfiguration.createRepository called as bean reference for type [ar.edu.unlp.info.bd2.repositories.HibernateBithubRepository] but overridden by non-compatible bean instance of type [com.sun.proxy.$Proxy46]. Overriding bean of same name declared in: ar.edu.unlp.info.bd2.config.HibernateConfiguration
</error>
    <system-out><![CDATA[Hibernate: 
    
    alter table Commit 
       drop 
       foreign key FK1yo3fl6me7ttfnbb2b6fuiro
Hibernate: 
    
    alter table Commit 
       drop 
       foreign key FKkakjjvq54uid1mbwxkpqgfo1h
Hibernate: 
    
    alter table Commit_File 
       drop 
       foreign key FK5bktr2h3jhqtdti8lnib2jga9
Hibernate: 
    
    alter table Commit_File 
       drop 
       foreign key FK6gdqnp1613irqiwnma4rg6glw
Hibernate: 
    
    alter table FileReview 
       drop 
       foreign key FKrg9sbt9lspdg20vaohwpn78ng
Hibernate: 
    
    alter table FileReview 
       drop 
       foreign key FKqljnajx6rrdr2n7fu5crnsqh0
Hibernate: 
    
    alter table Review 
       drop 
       foreign key FK7rbnplhy7oaulxrkp8cqeablj
Hibernate: 
    
    alter table Review 
       drop 
       foreign key FK32wkapjkt9btb8hltm215d54g
Hibernate: 
    
    alter table Review_FileReview 
       drop 
       foreign key FKht9uruqpo9qc4garca1hpxrk4
Hibernate: 
    
    alter table Review_FileReview 
       drop 
       foreign key FK1631fwvonh2g6vh2ek5pn8kjh
Hibernate: 
    
    alter table Tag 
       drop 
       foreign key FKam2m3lciyt0weg8k2ty8ygm3g
Hibernate: 
    
    drop table if exists Branch
Hibernate: 
    
    drop table if exists Commit
Hibernate: 
    
    drop table if exists Commit_File
Hibernate: 
    
    drop table if exists File
Hibernate: 
    
    drop table if exists FileReview
Hibernate: 
    
    drop table if exists Review
Hibernate: 
    
    drop table if exists Review_FileReview
Hibernate: 
    
    drop table if exists Tag
Hibernate: 
    
    drop table if exists User
Hibernate: 
    
    create table Branch (
       id bigint not null auto_increment,
        objectId tinyblob,
        name varchar(255),
        primary key (id)
    ) engine=InnoDB
Hibernate: 
    
    create table Commit (
       id bigint not null auto_increment,
        objectId tinyblob,
        hash varchar(255),
        message varchar(255),
        author_id bigint,
        branch_id bigint,
        primary key (id)
    ) engine=InnoDB
Hibernate: 
    
    create table Commit_File (
       Commit_id bigint not null,
        files_id bigint not null
    ) engine=InnoDB
Hibernate: 
    
    create table File (
       id bigint not null auto_increment,
        objectId tinyblob,
        content varchar(255),
        filename varchar(255),
        primary key (id)
    ) engine=InnoDB
Hibernate: 
    
    create table FileReview (
       id bigint not null auto_increment,
        objectId tinyblob,
        comment varchar(255),
        lineNumber integer,
        file_id bigint not null,
        review_id bigint not null,
        primary key (id)
    ) engine=InnoDB
Hibernate: 
    
    create table Review (
       id bigint not null auto_increment,
        objectId tinyblob,
        branch_id bigint,
        user_id bigint,
        primary key (id)
    ) engine=InnoDB
Hibernate: 
    
    create table Review_FileReview (
       Review_id bigint not null,
        fileReviewList_id bigint not null
    ) engine=InnoDB
Hibernate: 
    
    create table Tag (
       id bigint not null auto_increment,
        objectId tinyblob,
        commitHash varchar(255),
        name varchar(255),
        commit_id bigint,
        primary key (id)
    ) engine=InnoDB
Hibernate: 
    
    create table User (
       id bigint not null auto_increment,
        objectId tinyblob,
        email varchar(255),
        name varchar(255),
        primary key (id)
    ) engine=InnoDB
Hibernate: 
    
    alter table Commit_File 
       add constraint UK_ls7afag4402w8c7l3uq6ca3ps unique (files_id)
Hibernate: 
    
    alter table FileReview 
       add constraint UK_hhpi8lsmo3cmrj8vwt9fvqv7i unique (file_id)
Hibernate: 
    
    alter table FileReview 
       add constraint UK_18mw1t9pln7hk2dj7taco38wr unique (review_id)
Hibernate: 
    
    alter table Review_FileReview 
       add constraint UK_eoi1iwbms9k42u4gvbenmn3tf unique (fileReviewList_id)
Hibernate: 
    
    alter table Commit 
       add constraint FK1yo3fl6me7ttfnbb2b6fuiro 
       foreign key (author_id) 
       references User (id)
Hibernate: 
    
    alter table Commit 
       add constraint FKkakjjvq54uid1mbwxkpqgfo1h 
       foreign key (branch_id) 
       references Branch (id)
Hibernate: 
    
    alter table Commit_File 
       add constraint FK5bktr2h3jhqtdti8lnib2jga9 
       foreign key (files_id) 
       references File (id)
Hibernate: 
    
    alter table Commit_File 
       add constraint FK6gdqnp1613irqiwnma4rg6glw 
       foreign key (Commit_id) 
       references Commit (id)
Hibernate: 
    
    alter table FileReview 
       add constraint FKrg9sbt9lspdg20vaohwpn78ng 
       foreign key (file_id) 
       references File (id)
Hibernate: 
    
    alter table FileReview 
       add constraint FKqljnajx6rrdr2n7fu5crnsqh0 
       foreign key (review_id) 
       references Review (id)
Hibernate: 
    
    alter table Review 
       add constraint FK7rbnplhy7oaulxrkp8cqeablj 
       foreign key (branch_id) 
       references Branch (id)
Hibernate: 
    
    alter table Review 
       add constraint FK32wkapjkt9btb8hltm215d54g 
       foreign key (user_id) 
       references User (id)
Hibernate: 
    
    alter table Review_FileReview 
       add constraint FKht9uruqpo9qc4garca1hpxrk4 
       foreign key (fileReviewList_id) 
       references FileReview (id)
Hibernate: 
    
    alter table Review_FileReview 
       add constraint FK1631fwvonh2g6vh2ek5pn8kjh 
       foreign key (Review_id) 
       references Review (id)
Hibernate: 
    
    alter table Tag 
       add constraint FKam2m3lciyt0weg8k2ty8ygm3g 
       foreign key (commit_id) 
       references Commit (id)
]]></system-out>
    <system-err><![CDATA[SLF4J: Failed to load class "org.slf4j.impl.StaticLoggerBinder".
SLF4J: Defaulting to no-operation (NOP) logger implementation
SLF4J: See http://www.slf4j.org/codes.html#StaticLoggerBinder for further details.
Fri Jun 28 14:19:44 ART 2019 WARN: Establishing SSL connection without server's identity verification is not recommended. According to MySQL 5.5.45+, 5.6.26+ and 5.7.6+ requirements SSL connection must be established by default if explicit option isn't set. For compliance with existing applications not using SSL the verifyServerCertificate property is set to 'false'. You need either to explicitly disable SSL by setting useSSL=false, or set useSSL=true and provide truststore for server certificate verification.
Fri Jun 28 14:19:44 ART 2019 WARN: Establishing SSL connection without server's identity verification is not recommended. According to MySQL 5.5.45+, 5.6.26+ and 5.7.6+ requirements SSL connection must be established by default if explicit option isn't set. For compliance with existing applications not using SSL the verifyServerCertificate property is set to 'false'. You need either to explicitly disable SSL by setting useSSL=false, or set useSSL=true and provide truststore for server certificate verification.
]]></system-err>
  </testcase>
  <testcase name="testCreateBranchAndCommit" classname="ar.edu.unlp.info.bd2.services.HibernateBithubTestCase" time="0.004">
    <error message="Failed to load ApplicationContext" type="java.lang.IllegalStateException">java.lang.IllegalStateException: Failed to load ApplicationContext
Caused by: org.springframework.beans.factory.BeanCreationException: Error creating bean with name 'hibernateService' defined in ar.edu.unlp.info.bd2.config.HibernateConfiguration: Bean instantiation via factory method failed; nested exception is org.springframework.beans.BeanInstantiationException: Failed to instantiate [ar.edu.unlp.info.bd2.services.BithubService]: Factory method 'hibernateService' threw exception; nested exception is java.lang.IllegalStateException: @Bean method HibernateConfiguration.createRepository called as bean reference for type [ar.edu.unlp.info.bd2.repositories.HibernateBithubRepository] but overridden by non-compatible bean instance of type [com.sun.proxy.$Proxy46]. Overriding bean of same name declared in: ar.edu.unlp.info.bd2.config.HibernateConfiguration
Caused by: org.springframework.beans.BeanInstantiationException: Failed to instantiate [ar.edu.unlp.info.bd2.services.BithubService]: Factory method 'hibernateService' threw exception; nested exception is java.lang.IllegalStateException: @Bean method HibernateConfiguration.createRepository called as bean reference for type [ar.edu.unlp.info.bd2.repositories.HibernateBithubRepository] but overridden by non-compatible bean instance of type [com.sun.proxy.$Proxy46]. Overriding bean of same name declared in: ar.edu.unlp.info.bd2.config.HibernateConfiguration
Caused by: java.lang.IllegalStateException: @Bean method HibernateConfiguration.createRepository called as bean reference for type [ar.edu.unlp.info.bd2.repositories.HibernateBithubRepository] but overridden by non-compatible bean instance of type [com.sun.proxy.$Proxy46]. Overriding bean of same name declared in: ar.edu.unlp.info.bd2.config.HibernateConfiguration
</error>
    <system-out><![CDATA[Hibernate: 
    
    alter table Commit 
       drop 
       foreign key FK1yo3fl6me7ttfnbb2b6fuiro
Hibernate: 
    
    alter table Commit 
       drop 
       foreign key FKkakjjvq54uid1mbwxkpqgfo1h
Hibernate: 
    
    alter table Commit_File 
       drop 
       foreign key FK5bktr2h3jhqtdti8lnib2jga9
Hibernate: 
    
    alter table Commit_File 
       drop 
       foreign key FK6gdqnp1613irqiwnma4rg6glw
Hibernate: 
    
    alter table FileReview 
       drop 
       foreign key FKrg9sbt9lspdg20vaohwpn78ng
Hibernate: 
    
    alter table FileReview 
       drop 
       foreign key FKqljnajx6rrdr2n7fu5crnsqh0
Hibernate: 
    
    alter table Review 
       drop 
       foreign key FK7rbnplhy7oaulxrkp8cqeablj
Hibernate: 
    
    alter table Review 
       drop 
       foreign key FK32wkapjkt9btb8hltm215d54g
Hibernate: 
    
    alter table Review_FileReview 
       drop 
       foreign key FKht9uruqpo9qc4garca1hpxrk4
Hibernate: 
    
    alter table Review_FileReview 
       drop 
       foreign key FK1631fwvonh2g6vh2ek5pn8kjh
Hibernate: 
    
    alter table Tag 
       drop 
       foreign key FKam2m3lciyt0weg8k2ty8ygm3g
Hibernate: 
    
    drop table if exists Branch
Hibernate: 
    
    drop table if exists Commit
Hibernate: 
    
    drop table if exists Commit_File
Hibernate: 
    
    drop table if exists File
Hibernate: 
    
    drop table if exists FileReview
Hibernate: 
    
    drop table if exists Review
Hibernate: 
    
    drop table if exists Review_FileReview
Hibernate: 
    
    drop table if exists Tag
Hibernate: 
    
    drop table if exists User
Hibernate: 
    
    create table Branch (
       id bigint not null auto_increment,
        objectId tinyblob,
        name varchar(255),
        primary key (id)
    ) engine=InnoDB
Hibernate: 
    
    create table Commit (
       id bigint not null auto_increment,
        objectId tinyblob,
        hash varchar(255),
        message varchar(255),
        author_id bigint,
        branch_id bigint,
        primary key (id)
    ) engine=InnoDB
Hibernate: 
    
    create table Commit_File (
       Commit_id bigint not null,
        files_id bigint not null
    ) engine=InnoDB
Hibernate: 
    
    create table File (
       id bigint not null auto_increment,
        objectId tinyblob,
        content varchar(255),
        filename varchar(255),
        primary key (id)
    ) engine=InnoDB
Hibernate: 
    
    create table FileReview (
       id bigint not null auto_increment,
        objectId tinyblob,
        comment varchar(255),
        lineNumber integer,
        file_id bigint not null,
        review_id bigint not null,
        primary key (id)
    ) engine=InnoDB
Hibernate: 
    
    create table Review (
       id bigint not null auto_increment,
        objectId tinyblob,
        branch_id bigint,
        user_id bigint,
        primary key (id)
    ) engine=InnoDB
Hibernate: 
    
    create table Review_FileReview (
       Review_id bigint not null,
        fileReviewList_id bigint not null
    ) engine=InnoDB
Hibernate: 
    
    create table Tag (
       id bigint not null auto_increment,
        objectId tinyblob,
        commitHash varchar(255),
        name varchar(255),
        commit_id bigint,
        primary key (id)
    ) engine=InnoDB
Hibernate: 
    
    create table User (
       id bigint not null auto_increment,
        objectId tinyblob,
        email varchar(255),
        name varchar(255),
        primary key (id)
    ) engine=InnoDB
Hibernate: 
    
    alter table Commit_File 
       add constraint UK_ls7afag4402w8c7l3uq6ca3ps unique (files_id)
Hibernate: 
    
    alter table FileReview 
       add constraint UK_hhpi8lsmo3cmrj8vwt9fvqv7i unique (file_id)
Hibernate: 
    
    alter table FileReview 
       add constraint UK_18mw1t9pln7hk2dj7taco38wr unique (review_id)
Hibernate: 
    
    alter table Review_FileReview 
       add constraint UK_eoi1iwbms9k42u4gvbenmn3tf unique (fileReviewList_id)
Hibernate: 
    
    alter table Commit 
       add constraint FK1yo3fl6me7ttfnbb2b6fuiro 
       foreign key (author_id) 
       references User (id)
Hibernate: 
    
    alter table Commit 
       add constraint FKkakjjvq54uid1mbwxkpqgfo1h 
       foreign key (branch_id) 
       references Branch (id)
Hibernate: 
    
    alter table Commit_File 
       add constraint FK5bktr2h3jhqtdti8lnib2jga9 
       foreign key (files_id) 
       references File (id)
Hibernate: 
    
    alter table Commit_File 
       add constraint FK6gdqnp1613irqiwnma4rg6glw 
       foreign key (Commit_id) 
       references Commit (id)
Hibernate: 
    
    alter table FileReview 
       add constraint FKrg9sbt9lspdg20vaohwpn78ng 
       foreign key (file_id) 
       references File (id)
Hibernate: 
    
    alter table FileReview 
       add constraint FKqljnajx6rrdr2n7fu5crnsqh0 
       foreign key (review_id) 
       references Review (id)
Hibernate: 
    
    alter table Review 
       add constraint FK7rbnplhy7oaulxrkp8cqeablj 
       foreign key (branch_id) 
       references Branch (id)
Hibernate: 
    
    alter table Review 
       add constraint FK32wkapjkt9btb8hltm215d54g 
       foreign key (user_id) 
       references User (id)
Hibernate: 
    
    alter table Review_FileReview 
       add constraint FKht9uruqpo9qc4garca1hpxrk4 
       foreign key (fileReviewList_id) 
       references FileReview (id)
Hibernate: 
    
    alter table Review_FileReview 
       add constraint FK1631fwvonh2g6vh2ek5pn8kjh 
       foreign key (Review_id) 
       references Review (id)
Hibernate: 
    
    alter table Tag 
       add constraint FKam2m3lciyt0weg8k2ty8ygm3g 
       foreign key (commit_id) 
       references Commit (id)
]]></system-out>
    <system-err><![CDATA[Fri Jun 28 14:19:51 ART 2019 WARN: Establishing SSL connection without server's identity verification is not recommended. According to MySQL 5.5.45+, 5.6.26+ and 5.7.6+ requirements SSL connection must be established by default if explicit option isn't set. For compliance with existing applications not using SSL the verifyServerCertificate property is set to 'false'. You need either to explicitly disable SSL by setting useSSL=false, or set useSSL=true and provide truststore for server certificate verification.
Fri Jun 28 14:19:51 ART 2019 WARN: Establishing SSL connection without server's identity verification is not recommended. According to MySQL 5.5.45+, 5.6.26+ and 5.7.6+ requirements SSL connection must be established by default if explicit option isn't set. For compliance with existing applications not using SSL the verifyServerCertificate property is set to 'false'. You need either to explicitly disable SSL by setting useSSL=false, or set useSSL=true and provide truststore for server certificate verification.
]]></system-err>
  </testcase>
  <testcase name="testGetCommitsFromUser" classname="ar.edu.unlp.info.bd2.services.HibernateBithubTestCase" time="0.005">
    <error message="Failed to load ApplicationContext" type="java.lang.IllegalStateException">java.lang.IllegalStateException: Failed to load ApplicationContext
Caused by: org.springframework.beans.factory.BeanCreationException: Error creating bean with name 'hibernateService' defined in ar.edu.unlp.info.bd2.config.HibernateConfiguration: Bean instantiation via factory method failed; nested exception is org.springframework.beans.BeanInstantiationException: Failed to instantiate [ar.edu.unlp.info.bd2.services.BithubService]: Factory method 'hibernateService' threw exception; nested exception is java.lang.IllegalStateException: @Bean method HibernateConfiguration.createRepository called as bean reference for type [ar.edu.unlp.info.bd2.repositories.HibernateBithubRepository] but overridden by non-compatible bean instance of type [com.sun.proxy.$Proxy46]. Overriding bean of same name declared in: ar.edu.unlp.info.bd2.config.HibernateConfiguration
Caused by: org.springframework.beans.BeanInstantiationException: Failed to instantiate [ar.edu.unlp.info.bd2.services.BithubService]: Factory method 'hibernateService' threw exception; nested exception is java.lang.IllegalStateException: @Bean method HibernateConfiguration.createRepository called as bean reference for type [ar.edu.unlp.info.bd2.repositories.HibernateBithubRepository] but overridden by non-compatible bean instance of type [com.sun.proxy.$Proxy46]. Overriding bean of same name declared in: ar.edu.unlp.info.bd2.config.HibernateConfiguration
Caused by: java.lang.IllegalStateException: @Bean method HibernateConfiguration.createRepository called as bean reference for type [ar.edu.unlp.info.bd2.repositories.HibernateBithubRepository] but overridden by non-compatible bean instance of type [com.sun.proxy.$Proxy46]. Overriding bean of same name declared in: ar.edu.unlp.info.bd2.config.HibernateConfiguration
</error>
    <system-out><![CDATA[Hibernate: 
    
    alter table Commit 
       drop 
       foreign key FK1yo3fl6me7ttfnbb2b6fuiro
Hibernate: 
    
    alter table Commit 
       drop 
       foreign key FKkakjjvq54uid1mbwxkpqgfo1h
Hibernate: 
    
    alter table Commit_File 
       drop 
       foreign key FK5bktr2h3jhqtdti8lnib2jga9
Hibernate: 
    
    alter table Commit_File 
       drop 
       foreign key FK6gdqnp1613irqiwnma4rg6glw
Hibernate: 
    
    alter table FileReview 
       drop 
       foreign key FKrg9sbt9lspdg20vaohwpn78ng
Hibernate: 
    
    alter table FileReview 
       drop 
       foreign key FKqljnajx6rrdr2n7fu5crnsqh0
Hibernate: 
    
    alter table Review 
       drop 
       foreign key FK7rbnplhy7oaulxrkp8cqeablj
Hibernate: 
    
    alter table Review 
       drop 
       foreign key FK32wkapjkt9btb8hltm215d54g
Hibernate: 
    
    alter table Review_FileReview 
       drop 
       foreign key FKht9uruqpo9qc4garca1hpxrk4
Hibernate: 
    
    alter table Review_FileReview 
       drop 
       foreign key FK1631fwvonh2g6vh2ek5pn8kjh
Hibernate: 
    
    alter table Tag 
       drop 
       foreign key FKam2m3lciyt0weg8k2ty8ygm3g
Hibernate: 
    
    drop table if exists Branch
Hibernate: 
    
    drop table if exists Commit
Hibernate: 
    
    drop table if exists Commit_File
Hibernate: 
    
    drop table if exists File
Hibernate: 
    
    drop table if exists FileReview
Hibernate: 
    
    drop table if exists Review
Hibernate: 
    
    drop table if exists Review_FileReview
Hibernate: 
    
    drop table if exists Tag
Hibernate: 
    
    drop table if exists User
Hibernate: 
    
    create table Branch (
       id bigint not null auto_increment,
        objectId tinyblob,
        name varchar(255),
        primary key (id)
    ) engine=InnoDB
Hibernate: 
    
    create table Commit (
       id bigint not null auto_increment,
        objectId tinyblob,
        hash varchar(255),
        message varchar(255),
        author_id bigint,
        branch_id bigint,
        primary key (id)
    ) engine=InnoDB
Hibernate: 
    
    create table Commit_File (
       Commit_id bigint not null,
        files_id bigint not null
    ) engine=InnoDB
Hibernate: 
    
    create table File (
       id bigint not null auto_increment,
        objectId tinyblob,
        content varchar(255),
        filename varchar(255),
        primary key (id)
    ) engine=InnoDB
Hibernate: 
    
    create table FileReview (
       id bigint not null auto_increment,
        objectId tinyblob,
        comment varchar(255),
        lineNumber integer,
        file_id bigint not null,
        review_id bigint not null,
        primary key (id)
    ) engine=InnoDB
Hibernate: 
    
    create table Review (
       id bigint not null auto_increment,
        objectId tinyblob,
        branch_id bigint,
        user_id bigint,
        primary key (id)
    ) engine=InnoDB
Hibernate: 
    
    create table Review_FileReview (
       Review_id bigint not null,
        fileReviewList_id bigint not null
    ) engine=InnoDB
Hibernate: 
    
    create table Tag (
       id bigint not null auto_increment,
        objectId tinyblob,
        commitHash varchar(255),
        name varchar(255),
        commit_id bigint,
        primary key (id)
    ) engine=InnoDB
Hibernate: 
    
    create table User (
       id bigint not null auto_increment,
        objectId tinyblob,
        email varchar(255),
        name varchar(255),
        primary key (id)
    ) engine=InnoDB
Hibernate: 
    
    alter table Commit_File 
       add constraint UK_ls7afag4402w8c7l3uq6ca3ps unique (files_id)
Hibernate: 
    
    alter table FileReview 
       add constraint UK_hhpi8lsmo3cmrj8vwt9fvqv7i unique (file_id)
Hibernate: 
    
    alter table FileReview 
       add constraint UK_18mw1t9pln7hk2dj7taco38wr unique (review_id)
Hibernate: 
    
    alter table Review_FileReview 
       add constraint UK_eoi1iwbms9k42u4gvbenmn3tf unique (fileReviewList_id)
Hibernate: 
    
    alter table Commit 
       add constraint FK1yo3fl6me7ttfnbb2b6fuiro 
       foreign key (author_id) 
       references User (id)
Hibernate: 
    
    alter table Commit 
       add constraint FKkakjjvq54uid1mbwxkpqgfo1h 
       foreign key (branch_id) 
       references Branch (id)
Hibernate: 
    
    alter table Commit_File 
       add constraint FK5bktr2h3jhqtdti8lnib2jga9 
       foreign key (files_id) 
       references File (id)
Hibernate: 
    
    alter table Commit_File 
       add constraint FK6gdqnp1613irqiwnma4rg6glw 
       foreign key (Commit_id) 
       references Commit (id)
Hibernate: 
    
    alter table FileReview 
       add constraint FKrg9sbt9lspdg20vaohwpn78ng 
       foreign key (file_id) 
       references File (id)
Hibernate: 
    
    alter table FileReview 
       add constraint FKqljnajx6rrdr2n7fu5crnsqh0 
       foreign key (review_id) 
       references Review (id)
Hibernate: 
    
    alter table Review 
       add constraint FK7rbnplhy7oaulxrkp8cqeablj 
       foreign key (branch_id) 
       references Branch (id)
Hibernate: 
    
    alter table Review 
       add constraint FK32wkapjkt9btb8hltm215d54g 
       foreign key (user_id) 
       references User (id)
Hibernate: 
    
    alter table Review_FileReview 
       add constraint FKht9uruqpo9qc4garca1hpxrk4 
       foreign key (fileReviewList_id) 
       references FileReview (id)
Hibernate: 
    
    alter table Review_FileReview 
       add constraint FK1631fwvonh2g6vh2ek5pn8kjh 
       foreign key (Review_id) 
       references Review (id)
Hibernate: 
    
    alter table Tag 
       add constraint FKam2m3lciyt0weg8k2ty8ygm3g 
       foreign key (commit_id) 
       references Commit (id)
]]></system-out>
    <system-err><![CDATA[Fri Jun 28 14:19:55 ART 2019 WARN: Establishing SSL connection without server's identity verification is not recommended. According to MySQL 5.5.45+, 5.6.26+ and 5.7.6+ requirements SSL connection must be established by default if explicit option isn't set. For compliance with existing applications not using SSL the verifyServerCertificate property is set to 'false'. You need either to explicitly disable SSL by setting useSSL=false, or set useSSL=true and provide truststore for server certificate verification.
Fri Jun 28 14:19:55 ART 2019 WARN: Establishing SSL connection without server's identity verification is not recommended. According to MySQL 5.5.45+, 5.6.26+ and 5.7.6+ requirements SSL connection must be established by default if explicit option isn't set. For compliance with existing applications not using SSL the verifyServerCertificate property is set to 'false'. You need either to explicitly disable SSL by setting useSSL=false, or set useSSL=true and provide truststore for server certificate verification.
]]></system-err>
  </testcase>
  <testcase name="testUsersThatCommitedInBranch" classname="ar.edu.unlp.info.bd2.services.HibernateBithubTestCase" time="0.004">
    <error message="Failed to load ApplicationContext" type="java.lang.IllegalStateException">java.lang.IllegalStateException: Failed to load ApplicationContext
Caused by: org.springframework.beans.factory.BeanCreationException: Error creating bean with name 'hibernateService' defined in ar.edu.unlp.info.bd2.config.HibernateConfiguration: Bean instantiation via factory method failed; nested exception is org.springframework.beans.BeanInstantiationException: Failed to instantiate [ar.edu.unlp.info.bd2.services.BithubService]: Factory method 'hibernateService' threw exception; nested exception is java.lang.IllegalStateException: @Bean method HibernateConfiguration.createRepository called as bean reference for type [ar.edu.unlp.info.bd2.repositories.HibernateBithubRepository] but overridden by non-compatible bean instance of type [com.sun.proxy.$Proxy46]. Overriding bean of same name declared in: ar.edu.unlp.info.bd2.config.HibernateConfiguration
Caused by: org.springframework.beans.BeanInstantiationException: Failed to instantiate [ar.edu.unlp.info.bd2.services.BithubService]: Factory method 'hibernateService' threw exception; nested exception is java.lang.IllegalStateException: @Bean method HibernateConfiguration.createRepository called as bean reference for type [ar.edu.unlp.info.bd2.repositories.HibernateBithubRepository] but overridden by non-compatible bean instance of type [com.sun.proxy.$Proxy46]. Overriding bean of same name declared in: ar.edu.unlp.info.bd2.config.HibernateConfiguration
Caused by: java.lang.IllegalStateException: @Bean method HibernateConfiguration.createRepository called as bean reference for type [ar.edu.unlp.info.bd2.repositories.HibernateBithubRepository] but overridden by non-compatible bean instance of type [com.sun.proxy.$Proxy46]. Overriding bean of same name declared in: ar.edu.unlp.info.bd2.config.HibernateConfiguration
</error>
    <system-out><![CDATA[Hibernate: 
    
    alter table Commit 
       drop 
       foreign key FK1yo3fl6me7ttfnbb2b6fuiro
Hibernate: 
    
    alter table Commit 
       drop 
       foreign key FKkakjjvq54uid1mbwxkpqgfo1h
Hibernate: 
    
    alter table Commit_File 
       drop 
       foreign key FK5bktr2h3jhqtdti8lnib2jga9
Hibernate: 
    
    alter table Commit_File 
       drop 
       foreign key FK6gdqnp1613irqiwnma4rg6glw
Hibernate: 
    
    alter table FileReview 
       drop 
       foreign key FKrg9sbt9lspdg20vaohwpn78ng
Hibernate: 
    
    alter table FileReview 
       drop 
       foreign key FKqljnajx6rrdr2n7fu5crnsqh0
Hibernate: 
    
    alter table Review 
       drop 
       foreign key FK7rbnplhy7oaulxrkp8cqeablj
Hibernate: 
    
    alter table Review 
       drop 
       foreign key FK32wkapjkt9btb8hltm215d54g
Hibernate: 
    
    alter table Review_FileReview 
       drop 
       foreign key FKht9uruqpo9qc4garca1hpxrk4
Hibernate: 
    
    alter table Review_FileReview 
       drop 
       foreign key FK1631fwvonh2g6vh2ek5pn8kjh
Hibernate: 
    
    alter table Tag 
       drop 
       foreign key FKam2m3lciyt0weg8k2ty8ygm3g
Hibernate: 
    
    drop table if exists Branch
Hibernate: 
    
    drop table if exists Commit
Hibernate: 
    
    drop table if exists Commit_File
Hibernate: 
    
    drop table if exists File
Hibernate: 
    
    drop table if exists FileReview
Hibernate: 
    
    drop table if exists Review
Hibernate: 
    
    drop table if exists Review_FileReview
Hibernate: 
    
    drop table if exists Tag
Hibernate: 
    
    drop table if exists User
Hibernate: 
    
    create table Branch (
       id bigint not null auto_increment,
        objectId tinyblob,
        name varchar(255),
        primary key (id)
    ) engine=InnoDB
Hibernate: 
    
    create table Commit (
       id bigint not null auto_increment,
        objectId tinyblob,
        hash varchar(255),
        message varchar(255),
        author_id bigint,
        branch_id bigint,
        primary key (id)
    ) engine=InnoDB
Hibernate: 
    
    create table Commit_File (
       Commit_id bigint not null,
        files_id bigint not null
    ) engine=InnoDB
Hibernate: 
    
    create table File (
       id bigint not null auto_increment,
        objectId tinyblob,
        content varchar(255),
        filename varchar(255),
        primary key (id)
    ) engine=InnoDB
Hibernate: 
    
    create table FileReview (
       id bigint not null auto_increment,
        objectId tinyblob,
        comment varchar(255),
        lineNumber integer,
        file_id bigint not null,
        review_id bigint not null,
        primary key (id)
    ) engine=InnoDB
Hibernate: 
    
    create table Review (
       id bigint not null auto_increment,
        objectId tinyblob,
        branch_id bigint,
        user_id bigint,
        primary key (id)
    ) engine=InnoDB
Hibernate: 
    
    create table Review_FileReview (
       Review_id bigint not null,
        fileReviewList_id bigint not null
    ) engine=InnoDB
Hibernate: 
    
    create table Tag (
       id bigint not null auto_increment,
        objectId tinyblob,
        commitHash varchar(255),
        name varchar(255),
        commit_id bigint,
        primary key (id)
    ) engine=InnoDB
Hibernate: 
    
    create table User (
       id bigint not null auto_increment,
        objectId tinyblob,
        email varchar(255),
        name varchar(255),
        primary key (id)
    ) engine=InnoDB
Hibernate: 
    
    alter table Commit_File 
       add constraint UK_ls7afag4402w8c7l3uq6ca3ps unique (files_id)
Hibernate: 
    
    alter table FileReview 
       add constraint UK_hhpi8lsmo3cmrj8vwt9fvqv7i unique (file_id)
Hibernate: 
    
    alter table FileReview 
       add constraint UK_18mw1t9pln7hk2dj7taco38wr unique (review_id)
Hibernate: 
    
    alter table Review_FileReview 
       add constraint UK_eoi1iwbms9k42u4gvbenmn3tf unique (fileReviewList_id)
Hibernate: 
    
    alter table Commit 
       add constraint FK1yo3fl6me7ttfnbb2b6fuiro 
       foreign key (author_id) 
       references User (id)
Hibernate: 
    
    alter table Commit 
       add constraint FKkakjjvq54uid1mbwxkpqgfo1h 
       foreign key (branch_id) 
       references Branch (id)
Hibernate: 
    
    alter table Commit_File 
       add constraint FK5bktr2h3jhqtdti8lnib2jga9 
       foreign key (files_id) 
       references File (id)
Hibernate: 
    
    alter table Commit_File 
       add constraint FK6gdqnp1613irqiwnma4rg6glw 
       foreign key (Commit_id) 
       references Commit (id)
Hibernate: 
    
    alter table FileReview 
       add constraint FKrg9sbt9lspdg20vaohwpn78ng 
       foreign key (file_id) 
       references File (id)
Hibernate: 
    
    alter table FileReview 
       add constraint FKqljnajx6rrdr2n7fu5crnsqh0 
       foreign key (review_id) 
       references Review (id)
Hibernate: 
    
    alter table Review 
       add constraint FK7rbnplhy7oaulxrkp8cqeablj 
       foreign key (branch_id) 
       references Branch (id)
Hibernate: 
    
    alter table Review 
       add constraint FK32wkapjkt9btb8hltm215d54g 
       foreign key (user_id) 
       references User (id)
Hibernate: 
    
    alter table Review_FileReview 
       add constraint FKht9uruqpo9qc4garca1hpxrk4 
       foreign key (fileReviewList_id) 
       references FileReview (id)
Hibernate: 
    
    alter table Review_FileReview 
       add constraint FK1631fwvonh2g6vh2ek5pn8kjh 
       foreign key (Review_id) 
       references Review (id)
Hibernate: 
    
    alter table Tag 
       add constraint FKam2m3lciyt0weg8k2ty8ygm3g 
       foreign key (commit_id) 
       references Commit (id)
]]></system-out>
    <system-err><![CDATA[Fri Jun 28 14:19:59 ART 2019 WARN: Establishing SSL connection without server's identity verification is not recommended. According to MySQL 5.5.45+, 5.6.26+ and 5.7.6+ requirements SSL connection must be established by default if explicit option isn't set. For compliance with existing applications not using SSL the verifyServerCertificate property is set to 'false'. You need either to explicitly disable SSL by setting useSSL=false, or set useSSL=true and provide truststore for server certificate verification.
Fri Jun 28 14:19:59 ART 2019 WARN: Establishing SSL connection without server's identity verification is not recommended. According to MySQL 5.5.45+, 5.6.26+ and 5.7.6+ requirements SSL connection must be established by default if explicit option isn't set. For compliance with existing applications not using SSL the verifyServerCertificate property is set to 'false'. You need either to explicitly disable SSL by setting useSSL=false, or set useSSL=true and provide truststore for server certificate verification.
]]></system-err>
  </testcase>
  <testcase name="testCreateTag" classname="ar.edu.unlp.info.bd2.services.HibernateBithubTestCase" time="0.003">
    <error message="Failed to load ApplicationContext" type="java.lang.IllegalStateException">java.lang.IllegalStateException: Failed to load ApplicationContext
Caused by: org.springframework.beans.factory.BeanCreationException: Error creating bean with name 'hibernateService' defined in ar.edu.unlp.info.bd2.config.HibernateConfiguration: Bean instantiation via factory method failed; nested exception is org.springframework.beans.BeanInstantiationException: Failed to instantiate [ar.edu.unlp.info.bd2.services.BithubService]: Factory method 'hibernateService' threw exception; nested exception is java.lang.IllegalStateException: @Bean method HibernateConfiguration.createRepository called as bean reference for type [ar.edu.unlp.info.bd2.repositories.HibernateBithubRepository] but overridden by non-compatible bean instance of type [com.sun.proxy.$Proxy46]. Overriding bean of same name declared in: ar.edu.unlp.info.bd2.config.HibernateConfiguration
Caused by: org.springframework.beans.BeanInstantiationException: Failed to instantiate [ar.edu.unlp.info.bd2.services.BithubService]: Factory method 'hibernateService' threw exception; nested exception is java.lang.IllegalStateException: @Bean method HibernateConfiguration.createRepository called as bean reference for type [ar.edu.unlp.info.bd2.repositories.HibernateBithubRepository] but overridden by non-compatible bean instance of type [com.sun.proxy.$Proxy46]. Overriding bean of same name declared in: ar.edu.unlp.info.bd2.config.HibernateConfiguration
Caused by: java.lang.IllegalStateException: @Bean method HibernateConfiguration.createRepository called as bean reference for type [ar.edu.unlp.info.bd2.repositories.HibernateBithubRepository] but overridden by non-compatible bean instance of type [com.sun.proxy.$Proxy46]. Overriding bean of same name declared in: ar.edu.unlp.info.bd2.config.HibernateConfiguration
</error>
    <system-out><![CDATA[Hibernate: 
    
    alter table Commit 
       drop 
       foreign key FK1yo3fl6me7ttfnbb2b6fuiro
Hibernate: 
    
    alter table Commit 
       drop 
       foreign key FKkakjjvq54uid1mbwxkpqgfo1h
Hibernate: 
    
    alter table Commit_File 
       drop 
       foreign key FK5bktr2h3jhqtdti8lnib2jga9
Hibernate: 
    
    alter table Commit_File 
       drop 
       foreign key FK6gdqnp1613irqiwnma4rg6glw
Hibernate: 
    
    alter table FileReview 
       drop 
       foreign key FKrg9sbt9lspdg20vaohwpn78ng
Hibernate: 
    
    alter table FileReview 
       drop 
       foreign key FKqljnajx6rrdr2n7fu5crnsqh0
Hibernate: 
    
    alter table Review 
       drop 
       foreign key FK7rbnplhy7oaulxrkp8cqeablj
Hibernate: 
    
    alter table Review 
       drop 
       foreign key FK32wkapjkt9btb8hltm215d54g
Hibernate: 
    
    alter table Review_FileReview 
       drop 
       foreign key FKht9uruqpo9qc4garca1hpxrk4
Hibernate: 
    
    alter table Review_FileReview 
       drop 
       foreign key FK1631fwvonh2g6vh2ek5pn8kjh
Hibernate: 
    
    alter table Tag 
       drop 
       foreign key FKam2m3lciyt0weg8k2ty8ygm3g
Hibernate: 
    
    drop table if exists Branch
Hibernate: 
    
    drop table if exists Commit
Hibernate: 
    
    drop table if exists Commit_File
Hibernate: 
    
    drop table if exists File
Hibernate: 
    
    drop table if exists FileReview
Hibernate: 
    
    drop table if exists Review
Hibernate: 
    
    drop table if exists Review_FileReview
Hibernate: 
    
    drop table if exists Tag
Hibernate: 
    
    drop table if exists User
Hibernate: 
    
    create table Branch (
       id bigint not null auto_increment,
        objectId tinyblob,
        name varchar(255),
        primary key (id)
    ) engine=InnoDB
Hibernate: 
    
    create table Commit (
       id bigint not null auto_increment,
        objectId tinyblob,
        hash varchar(255),
        message varchar(255),
        author_id bigint,
        branch_id bigint,
        primary key (id)
    ) engine=InnoDB
Hibernate: 
    
    create table Commit_File (
       Commit_id bigint not null,
        files_id bigint not null
    ) engine=InnoDB
Hibernate: 
    
    create table File (
       id bigint not null auto_increment,
        objectId tinyblob,
        content varchar(255),
        filename varchar(255),
        primary key (id)
    ) engine=InnoDB
Hibernate: 
    
    create table FileReview (
       id bigint not null auto_increment,
        objectId tinyblob,
        comment varchar(255),
        lineNumber integer,
        file_id bigint not null,
        review_id bigint not null,
        primary key (id)
    ) engine=InnoDB
Hibernate: 
    
    create table Review (
       id bigint not null auto_increment,
        objectId tinyblob,
        branch_id bigint,
        user_id bigint,
        primary key (id)
    ) engine=InnoDB
Hibernate: 
    
    create table Review_FileReview (
       Review_id bigint not null,
        fileReviewList_id bigint not null
    ) engine=InnoDB
Hibernate: 
    
    create table Tag (
       id bigint not null auto_increment,
        objectId tinyblob,
        commitHash varchar(255),
        name varchar(255),
        commit_id bigint,
        primary key (id)
    ) engine=InnoDB
Hibernate: 
    
    create table User (
       id bigint not null auto_increment,
        objectId tinyblob,
        email varchar(255),
        name varchar(255),
        primary key (id)
    ) engine=InnoDB
Hibernate: 
    
    alter table Commit_File 
       add constraint UK_ls7afag4402w8c7l3uq6ca3ps unique (files_id)
Hibernate: 
    
    alter table FileReview 
       add constraint UK_hhpi8lsmo3cmrj8vwt9fvqv7i unique (file_id)
Hibernate: 
    
    alter table FileReview 
       add constraint UK_18mw1t9pln7hk2dj7taco38wr unique (review_id)
Hibernate: 
    
    alter table Review_FileReview 
       add constraint UK_eoi1iwbms9k42u4gvbenmn3tf unique (fileReviewList_id)
Hibernate: 
    
    alter table Commit 
       add constraint FK1yo3fl6me7ttfnbb2b6fuiro 
       foreign key (author_id) 
       references User (id)
Hibernate: 
    
    alter table Commit 
       add constraint FKkakjjvq54uid1mbwxkpqgfo1h 
       foreign key (branch_id) 
       references Branch (id)
Hibernate: 
    
    alter table Commit_File 
       add constraint FK5bktr2h3jhqtdti8lnib2jga9 
       foreign key (files_id) 
       references File (id)
Hibernate: 
    
    alter table Commit_File 
       add constraint FK6gdqnp1613irqiwnma4rg6glw 
       foreign key (Commit_id) 
       references Commit (id)
Hibernate: 
    
    alter table FileReview 
       add constraint FKrg9sbt9lspdg20vaohwpn78ng 
       foreign key (file_id) 
       references File (id)
Hibernate: 
    
    alter table FileReview 
       add constraint FKqljnajx6rrdr2n7fu5crnsqh0 
       foreign key (review_id) 
       references Review (id)
Hibernate: 
    
    alter table Review 
       add constraint FK7rbnplhy7oaulxrkp8cqeablj 
       foreign key (branch_id) 
       references Branch (id)
Hibernate: 
    
    alter table Review 
       add constraint FK32wkapjkt9btb8hltm215d54g 
       foreign key (user_id) 
       references User (id)
Hibernate: 
    
    alter table Review_FileReview 
       add constraint FKht9uruqpo9qc4garca1hpxrk4 
       foreign key (fileReviewList_id) 
       references FileReview (id)
Hibernate: 
    
    alter table Review_FileReview 
       add constraint FK1631fwvonh2g6vh2ek5pn8kjh 
       foreign key (Review_id) 
       references Review (id)
Hibernate: 
    
    alter table Tag 
       add constraint FKam2m3lciyt0weg8k2ty8ygm3g 
       foreign key (commit_id) 
       references Commit (id)
]]></system-out>
    <system-err><![CDATA[Fri Jun 28 14:20:03 ART 2019 WARN: Establishing SSL connection without server's identity verification is not recommended. According to MySQL 5.5.45+, 5.6.26+ and 5.7.6+ requirements SSL connection must be established by default if explicit option isn't set. For compliance with existing applications not using SSL the verifyServerCertificate property is set to 'false'. You need either to explicitly disable SSL by setting useSSL=false, or set useSSL=true and provide truststore for server certificate verification.
Fri Jun 28 14:20:03 ART 2019 WARN: Establishing SSL connection without server's identity verification is not recommended. According to MySQL 5.5.45+, 5.6.26+ and 5.7.6+ requirements SSL connection must be established by default if explicit option isn't set. For compliance with existing applications not using SSL the verifyServerCertificate property is set to 'false'. You need either to explicitly disable SSL by setting useSSL=false, or set useSSL=true and provide truststore for server certificate verification.
]]></system-err>
  </testcase>
  <testcase name="testGetTotalNumberOfCommitsPerUser" classname="ar.edu.unlp.info.bd2.services.HibernateBithubTestCase" time="0">
    <error message="Failed to load ApplicationContext" type="java.lang.IllegalStateException">java.lang.IllegalStateException: Failed to load ApplicationContext
Caused by: org.springframework.beans.factory.BeanCreationException: Error creating bean with name 'hibernateService' defined in ar.edu.unlp.info.bd2.config.HibernateConfiguration: Bean instantiation via factory method failed; nested exception is org.springframework.beans.BeanInstantiationException: Failed to instantiate [ar.edu.unlp.info.bd2.services.BithubService]: Factory method 'hibernateService' threw exception; nested exception is java.lang.IllegalStateException: @Bean method HibernateConfiguration.createRepository called as bean reference for type [ar.edu.unlp.info.bd2.repositories.HibernateBithubRepository] but overridden by non-compatible bean instance of type [com.sun.proxy.$Proxy46]. Overriding bean of same name declared in: ar.edu.unlp.info.bd2.config.HibernateConfiguration
Caused by: org.springframework.beans.BeanInstantiationException: Failed to instantiate [ar.edu.unlp.info.bd2.services.BithubService]: Factory method 'hibernateService' threw exception; nested exception is java.lang.IllegalStateException: @Bean method HibernateConfiguration.createRepository called as bean reference for type [ar.edu.unlp.info.bd2.repositories.HibernateBithubRepository] but overridden by non-compatible bean instance of type [com.sun.proxy.$Proxy46]. Overriding bean of same name declared in: ar.edu.unlp.info.bd2.config.HibernateConfiguration
Caused by: java.lang.IllegalStateException: @Bean method HibernateConfiguration.createRepository called as bean reference for type [ar.edu.unlp.info.bd2.repositories.HibernateBithubRepository] but overridden by non-compatible bean instance of type [com.sun.proxy.$Proxy46]. Overriding bean of same name declared in: ar.edu.unlp.info.bd2.config.HibernateConfiguration
</error>
    <system-out><![CDATA[Hibernate: 
    
    alter table Commit 
       drop 
       foreign key FK1yo3fl6me7ttfnbb2b6fuiro
Hibernate: 
    
    alter table Commit 
       drop 
       foreign key FKkakjjvq54uid1mbwxkpqgfo1h
Hibernate: 
    
    alter table Commit_File 
       drop 
       foreign key FK5bktr2h3jhqtdti8lnib2jga9
Hibernate: 
    
    alter table Commit_File 
       drop 
       foreign key FK6gdqnp1613irqiwnma4rg6glw
Hibernate: 
    
    alter table FileReview 
       drop 
       foreign key FKrg9sbt9lspdg20vaohwpn78ng
Hibernate: 
    
    alter table FileReview 
       drop 
       foreign key FKqljnajx6rrdr2n7fu5crnsqh0
Hibernate: 
    
    alter table Review 
       drop 
       foreign key FK7rbnplhy7oaulxrkp8cqeablj
Hibernate: 
    
    alter table Review 
       drop 
       foreign key FK32wkapjkt9btb8hltm215d54g
Hibernate: 
    
    alter table Review_FileReview 
       drop 
       foreign key FKht9uruqpo9qc4garca1hpxrk4
Hibernate: 
    
    alter table Review_FileReview 
       drop 
       foreign key FK1631fwvonh2g6vh2ek5pn8kjh
Hibernate: 
    
    alter table Tag 
       drop 
       foreign key FKam2m3lciyt0weg8k2ty8ygm3g
Hibernate: 
    
    drop table if exists Branch
Hibernate: 
    
    drop table if exists Commit
Hibernate: 
    
    drop table if exists Commit_File
Hibernate: 
    
    drop table if exists File
Hibernate: 
    
    drop table if exists FileReview
Hibernate: 
    
    drop table if exists Review
Hibernate: 
    
    drop table if exists Review_FileReview
Hibernate: 
    
    drop table if exists Tag
Hibernate: 
    
    drop table if exists User
Hibernate: 
    
    create table Branch (
       id bigint not null auto_increment,
        objectId tinyblob,
        name varchar(255),
        primary key (id)
    ) engine=InnoDB
Hibernate: 
    
    create table Commit (
       id bigint not null auto_increment,
        objectId tinyblob,
        hash varchar(255),
        message varchar(255),
        author_id bigint,
        branch_id bigint,
        primary key (id)
    ) engine=InnoDB
Hibernate: 
    
    create table Commit_File (
       Commit_id bigint not null,
        files_id bigint not null
    ) engine=InnoDB
Hibernate: 
    
    create table File (
       id bigint not null auto_increment,
        objectId tinyblob,
        content varchar(255),
        filename varchar(255),
        primary key (id)
    ) engine=InnoDB
Hibernate: 
    
    create table FileReview (
       id bigint not null auto_increment,
        objectId tinyblob,
        comment varchar(255),
        lineNumber integer,
        file_id bigint not null,
        review_id bigint not null,
        primary key (id)
    ) engine=InnoDB
Hibernate: 
    
    create table Review (
       id bigint not null auto_increment,
        objectId tinyblob,
        branch_id bigint,
        user_id bigint,
        primary key (id)
    ) engine=InnoDB
Hibernate: 
    
    create table Review_FileReview (
       Review_id bigint not null,
        fileReviewList_id bigint not null
    ) engine=InnoDB
Hibernate: 
    
    create table Tag (
       id bigint not null auto_increment,
        objectId tinyblob,
        commitHash varchar(255),
        name varchar(255),
        commit_id bigint,
        primary key (id)
    ) engine=InnoDB
Hibernate: 
    
    create table User (
       id bigint not null auto_increment,
        objectId tinyblob,
        email varchar(255),
        name varchar(255),
        primary key (id)
    ) engine=InnoDB
Hibernate: 
    
    alter table Commit_File 
       add constraint UK_ls7afag4402w8c7l3uq6ca3ps unique (files_id)
Hibernate: 
    
    alter table FileReview 
       add constraint UK_hhpi8lsmo3cmrj8vwt9fvqv7i unique (file_id)
Hibernate: 
    
    alter table FileReview 
       add constraint UK_18mw1t9pln7hk2dj7taco38wr unique (review_id)
Hibernate: 
    
    alter table Review_FileReview 
       add constraint UK_eoi1iwbms9k42u4gvbenmn3tf unique (fileReviewList_id)
Hibernate: 
    
    alter table Commit 
       add constraint FK1yo3fl6me7ttfnbb2b6fuiro 
       foreign key (author_id) 
       references User (id)
Hibernate: 
    
    alter table Commit 
       add constraint FKkakjjvq54uid1mbwxkpqgfo1h 
       foreign key (branch_id) 
       references Branch (id)
Hibernate: 
    
    alter table Commit_File 
       add constraint FK5bktr2h3jhqtdti8lnib2jga9 
       foreign key (files_id) 
       references File (id)
Hibernate: 
    
    alter table Commit_File 
       add constraint FK6gdqnp1613irqiwnma4rg6glw 
       foreign key (Commit_id) 
       references Commit (id)
Hibernate: 
    
    alter table FileReview 
       add constraint FKrg9sbt9lspdg20vaohwpn78ng 
       foreign key (file_id) 
       references File (id)
Hibernate: 
    
    alter table FileReview 
       add constraint FKqljnajx6rrdr2n7fu5crnsqh0 
       foreign key (review_id) 
       references Review (id)
Hibernate: 
    
    alter table Review 
       add constraint FK7rbnplhy7oaulxrkp8cqeablj 
       foreign key (branch_id) 
       references Branch (id)
Hibernate: 
    
    alter table Review 
       add constraint FK32wkapjkt9btb8hltm215d54g 
       foreign key (user_id) 
       references User (id)
Hibernate: 
    
    alter table Review_FileReview 
       add constraint FKht9uruqpo9qc4garca1hpxrk4 
       foreign key (fileReviewList_id) 
       references FileReview (id)
Hibernate: 
    
    alter table Review_FileReview 
       add constraint FK1631fwvonh2g6vh2ek5pn8kjh 
       foreign key (Review_id) 
       references Review (id)
Hibernate: 
    
    alter table Tag 
       add constraint FKam2m3lciyt0weg8k2ty8ygm3g 
       foreign key (commit_id) 
       references Commit (id)
]]></system-out>
    <system-err><![CDATA[Fri Jun 28 14:20:06 ART 2019 WARN: Establishing SSL connection without server's identity verification is not recommended. According to MySQL 5.5.45+, 5.6.26+ and 5.7.6+ requirements SSL connection must be established by default if explicit option isn't set. For compliance with existing applications not using SSL the verifyServerCertificate property is set to 'false'. You need either to explicitly disable SSL by setting useSSL=false, or set useSSL=true and provide truststore for server certificate verification.
Fri Jun 28 14:20:06 ART 2019 WARN: Establishing SSL connection without server's identity verification is not recommended. According to MySQL 5.5.45+, 5.6.26+ and 5.7.6+ requirements SSL connection must be established by default if explicit option isn't set. For compliance with existing applications not using SSL the verifyServerCertificate property is set to 'false'. You need either to explicitly disable SSL by setting useSSL=false, or set useSSL=true and provide truststore for server certificate verification.
]]></system-err>
  </testcase>
</testsuite>